<?xml version="1.0" encoding="UTF-8"?>
<!-- Generated by org.testng.reporters.JUnitReportReporter -->
<testsuite skipped="0" hostname="LAPTOP-PFDNJC9Q" name="tests.Tests_Customer" tests="3" failures="0" timestamp="2021-03-12T22:20:37 CST" time="43.951" errors="0">
  <testcase name="addCustomerTest" time="14.983" classname="tests.Tests_Customer"/>
  <system-out/>
  <testcase name="updateCustomers" time="16.493" classname="tests.Tests_Customer"/>
  <system-out/>
  <testcase name="deleteCustomer" time="12.475" classname="tests.Tests_Customer"/>
  <system-out/>
</testsuite> <!-- tests.Tests_Customer -->
