<?xml version="1.0" encoding="UTF-8"?>
<!-- Generated by org.testng.reporters.JUnitReportReporter -->
<testsuite skipped="0" hostname="LAPTOP-PFDNJC9Q" name="tests.Tests_Login" tests="1" failures="0" timestamp="2021-02-27T15:58:45 CST" time="7.822" errors="0">
  <testcase name="testLogin" time="7.822" classname="tests.Tests_Login"/>
  <system-out/>
</testsuite> <!-- tests.Tests_Login -->
