<?xml version="1.0" encoding="UTF-8"?>
<!-- Generated by org.testng.reporters.JUnitReportReporter -->
<testsuite skipped="0" hostname="LAPTOP-PFDNJC9Q" name="tests.Tests_Customer" tests="1" failures="0" timestamp="2021-03-05T20:49:50 CST" time="16.784" errors="0">
  <testcase name="updateCustomers" time="16.784" classname="tests.Tests_Customer"/>
  <system-out/>
</testsuite> <!-- tests.Tests_Customer -->
