<?xml version="1.0" encoding="UTF-8"?>
<!-- Generated by org.testng.reporters.JUnitReportReporter -->
<testsuite skipped="0" hostname="LAPTOP-PFDNJC9Q" name="tests.Tests_Costumer" tests="1" failures="0" timestamp="2021-02-26T19:10:55 CST" time="16.138" errors="0">
  <testcase name="costumerTest" time="16.138" classname="tests.Tests_Costumer"/>
  <system-out/>
</testsuite> <!-- tests.Tests_Costumer -->
