<?xml version="1.0" encoding="UTF-8"?>
<!-- Generated by org.testng.reporters.JUnitReportReporter -->
<testsuite skipped="0" hostname="LAPTOP-PFDNJC9Q" name="tests.Tests_Costumer" tests="1" failures="0" timestamp="2021-02-27T14:17:24 CST" time="32.262" errors="0">
  <testcase name="costumerTest" time="32.262" classname="tests.Tests_Costumer"/>
  <system-out/>
</testsuite> <!-- tests.Tests_Costumer -->
