<?xml version="1.0" encoding="UTF-8"?>
<!-- Generated by org.testng.reporters.JUnitReportReporter -->
<testsuite skipped="0" hostname="LAPTOP-PFDNJC9Q" name="tests.Tests_Customer" tests="1" failures="0" timestamp="2021-03-12T22:48:29 CST" time="20.679" errors="0">
  <testcase name="deleteCustomer" time="20.679" classname="tests.Tests_Customer"/>
  <system-out/>
</testsuite> <!-- tests.Tests_Customer -->
